\BOOKMARK [1][-]{section.1}{\376\377\000W\000y\000b\000\363\000r\000\040\000l\000o\000k\000a\000l\000i\000z\000a\000c\000j\000i\000\040\000f\000a\000r\000m\000y\000\040\000f\000o\000t\000o\000w\000o\000l\000t\000a\000i\000c\000z\000n\000e\000j}{}% 1
\BOOKMARK [1][-]{section.2}{\376\377\000C\000e\000l\000\040\000i\000\040\000a\000n\000a\000l\000i\000z\000o\000w\000a\000n\000y\000\040\000o\000b\000s\000z\000a\000r}{}% 2
\BOOKMARK [1][-]{section.3}{\376\377\000A\000n\000a\000l\000i\000z\000o\000w\000a\000n\000e\000\040\000k\000r\000y\000t\000e\000r\000i\000a}{}% 3
\BOOKMARK [1][-]{section.4}{\376\377\000R\000e\000a\000l\000i\000z\000a\000c\000j\000a}{}% 4
\BOOKMARK [2][-]{subsection.4.1}{\376\377\000U\000s\000t\000a\000l\000e\000n\000i\000e\000\040\001\133\000r\000o\000d\000o\000w\000i\000s\000k\000a\000\040\000p\000r\000a\000c\000y\000\040\000i\000\040\001\133\000c\000i\000e\001\174\000e\000k\000\040\000d\000o\000\040\000d\000a\000n\000y\000c\000h}{section.4}% 5
\BOOKMARK [2][-]{subsection.4.2}{\376\377\000K\000r\000y\000t\000e\000r\000i\000u\000m\000\040\0001}{section.4}% 6
\BOOKMARK [3][-]{subsubsection.4.2.1}{\376\377\000K\000o\000d}{subsection.4.2}% 7
\BOOKMARK [3][-]{subsubsection.4.2.2}{\376\377\000W\000y\000n\000i\000k}{subsection.4.2}% 8
\BOOKMARK [2][-]{subsection.4.3}{\376\377\000K\000r\000y\000t\000e\000r\000i\000u\000m\000\040\0002}{section.4}% 9
\BOOKMARK [3][-]{subsubsection.4.3.1}{\376\377\000K\000o\000d}{subsection.4.3}% 10
\BOOKMARK [3][-]{subsubsection.4.3.2}{\376\377\000W\000y\000n\000i\000k}{subsection.4.3}% 11
\BOOKMARK [2][-]{subsection.4.4}{\376\377\000K\000r\000y\000t\000e\000r\000i\000u\000m\000\040\0003}{section.4}% 12
\BOOKMARK [3][-]{subsubsection.4.4.1}{\376\377\000K\000o\000d}{subsection.4.4}% 13
\BOOKMARK [3][-]{subsubsection.4.4.2}{\376\377\000W\000y\000n\000i\000k}{subsection.4.4}% 14
\BOOKMARK [2][-]{subsection.4.5}{\376\377\000K\000r\000y\000t\000e\000r\000i\000u\000m\000\040\0004}{section.4}% 15
\BOOKMARK [3][-]{subsubsection.4.5.1}{\376\377\000K\000o\000d}{subsection.4.5}% 16
\BOOKMARK [3][-]{subsubsection.4.5.2}{\376\377\000W\000y\000n\000i\000k}{subsection.4.5}% 17
\BOOKMARK [2][-]{subsection.4.6}{\376\377\000K\000r\000y\000t\000e\000r\000i\000u\000m\000\040\0005}{section.4}% 18
\BOOKMARK [3][-]{subsubsection.4.6.1}{\376\377\000K\000o\000d}{subsection.4.6}% 19
\BOOKMARK [3][-]{subsubsection.4.6.2}{\376\377\000W\000y\000n\000i\000k}{subsection.4.6}% 20
\BOOKMARK [2][-]{subsection.4.7}{\376\377\000K\000r\000y\000t\000e\000r\000i\000u\000m\000\040\0006}{section.4}% 21
\BOOKMARK [3][-]{subsubsection.4.7.1}{\376\377\000K\000o\000d}{subsection.4.7}% 22
\BOOKMARK [3][-]{subsubsection.4.7.2}{\376\377\000W\000y\000n\000i\000k}{subsection.4.7}% 23
\BOOKMARK [2][-]{subsection.4.8}{\376\377\000K\000r\000y\000t\000e\000r\000i\000u\000m\000\040\0007}{section.4}% 24
\BOOKMARK [3][-]{subsubsection.4.8.1}{\376\377\000K\000o\000d}{subsection.4.8}% 25
\BOOKMARK [3][-]{subsubsection.4.8.2}{\376\377\000W\000y\000n\000i\000k}{subsection.4.8}% 26
